{"/Users/irasubiza-elyse/MY-BRAND-BE/learn-express-ts/src/index.ts": {"path":"/Users/irasubiza-elyse/MY-BRAND-BE/learn-express-ts/src/index.ts","statementMap":{"0":{"start":{"line":1,"column":0},"end":{"line":1,"column":30}},"1":{"start":{"line":3,"column":0},"end":{"line":3,"column":37}},"2":{"start":{"line":4,"column":0},"end":{"line":4,"column":45}},"3":{"start":{"line":5,"column":0},"end":{"line":5,"column":28}},"4":{"start":{"line":6,"column":0},"end":{"line":6,"column":41}},"5":{"start":{"line":7,"column":0},"end":{"line":7,"column":16}},"6":{"start":{"line":9,"column":21},"end":{"line":9,"column":52}},"7":{"start":{"line":10,"column":25},"end":{"line":10,"column":49}},"8":{"start":{"line":12,"column":12},"end":{"line":12,"column":21}},"9":{"start":{"line":13,"column":0},"end":{"line":13,"column":24}},"10":{"start":{"line":14,"column":0},"end":{"line":14,"column":24}},"11":{"start":{"line":15,"column":0},"end":{"line":15,"column":28}},"12":{"start":{"line":16,"column":0},"end":{"line":16,"column":11}},"13":{"start":{"line":17,"column":0},"end":{"line":19,"column":3}},"14":{"start":{"line":18,"column":2},"end":{"line":18,"column":53}},"15":{"start":{"line":20,"column":0},"end":{"line":20,"column":19}}},"fnMap":{"0":{"name":"(anonymous_1)","decl":{"start":{"line":17,"column":17},"end":{"line":17,"column":20}},"loc":{"start":{"line":17,"column":22},"end":{"line":19,"column":1}}}},"branchMap":{},"s":{"0":1,"1":1,"2":1,"3":1,"4":1,"5":1,"6":1,"7":1,"8":1,"9":1,"10":1,"11":1,"12":1,"13":1,"14":0,"15":1},"f":{"0":0},"b":{}}
,"/Users/irasubiza-elyse/MY-BRAND-BE/learn-express-ts/src/config/Database.ts": {"path":"/Users/irasubiza-elyse/MY-BRAND-BE/learn-express-ts/src/config/Database.ts","statementMap":{"0":{"start":{"line":1,"column":0},"end":{"line":1,"column":32}},"1":{"start":{"line":2,"column":0},"end":{"line":2,"column":28}},"2":{"start":{"line":4,"column":0},"end":{"line":4,"column":16}},"3":{"start":{"line":5,"column":16},"end":{"line":5,"column":45}},"4":{"start":{"line":6,"column":17},"end":{"line":13,"column":2}},"5":{"start":{"line":6,"column":43},"end":{"line":13,"column":2}},"6":{"start":{"line":7,"column":2},"end":{"line":12,"column":3}},"7":{"start":{"line":8,"column":4},"end":{"line":8,"column":36}},"8":{"start":{"line":9,"column":4},"end":{"line":9,"column":34}},"9":{"start":{"line":11,"column":4},"end":{"line":11,"column":23}},"10":{"start":{"line":14,"column":0},"end":{"line":14,"column":24}}},"fnMap":{"0":{"name":"(anonymous_8)","decl":{"start":{"line":6,"column":17},"end":{"line":6,"column":41}},"loc":{"start":{"line":6,"column":43},"end":{"line":13,"column":2}}},"1":{"name":"(anonymous_9)","decl":{"start":{"line":6,"column":43},"end":{"line":6,"column":null}},"loc":{"start":{"line":6,"column":43},"end":{"line":13,"column":1}}}},"branchMap":{"0":{"loc":{"start":{"line":5,"column":16},"end":{"line":5,"column":45}},"type":"binary-expr","locations":[{"start":{"line":5,"column":16},"end":{"line":5,"column":39}},{"start":{"line":5,"column":43},"end":{"line":5,"column":45}}]}},"s":{"0":1,"1":1,"2":1,"3":1,"4":1,"5":1,"6":1,"7":1,"8":1,"9":0,"10":1},"f":{"0":1,"1":1},"b":{"0":[1,0]}}
,"/Users/irasubiza-elyse/MY-BRAND-BE/learn-express-ts/src/controllers/CommentsController.ts": {"path":"/Users/irasubiza-elyse/MY-BRAND-BE/learn-express-ts/src/controllers/CommentsController.ts","statementMap":{"0":{"start":{"line":1,"column":0},"end":{"line":1,"column":41}},"1":{"start":{"line":4,"column":0},"end":{"line":4,"column":67}},"2":{"start":{"line":6,"column":29},"end":{"line":32,"column":2}},"3":{"start":{"line":6,"column":67},"end":{"line":32,"column":2}},"4":{"start":{"line":7,"column":2},"end":{"line":31,"column":3}},"5":{"start":{"line":8,"column":47},"end":{"line":8,"column":55}},"6":{"start":{"line":9,"column":22},"end":{"line":13,"column":6}},"7":{"start":{"line":14,"column":4},"end":{"line":16,"column":5}},"8":{"start":{"line":15,"column":6},"end":{"line":15,"column":71}},"9":{"start":{"line":18,"column":20},"end":{"line":23,"column":6}},"10":{"start":{"line":25,"column":4},"end":{"line":25,"column":25}},"11":{"start":{"line":27,"column":4},"end":{"line":27,"column":34}},"12":{"start":{"line":29,"column":4},"end":{"line":29,"column":25}},"13":{"start":{"line":30,"column":4},"end":{"line":30,"column":54}},"14":{"start":{"line":6,"column":13},"end":{"line":6,"column":29}},"15":{"start":{"line":34,"column":27},"end":{"line":51,"column":2}},"16":{"start":{"line":34,"column":65},"end":{"line":51,"column":2}},"17":{"start":{"line":35,"column":2},"end":{"line":50,"column":3}},"18":{"start":{"line":37,"column":17},"end":{"line":37,"column":37}},"19":{"start":{"line":39,"column":4},"end":{"line":39,"column":19}},"20":{"start":{"line":41,"column":20},"end":{"line":45,"column":6}},"21":{"start":{"line":47,"column":4},"end":{"line":47,"column":25}},"22":{"start":{"line":49,"column":4},"end":{"line":49,"column":62}},"23":{"start":{"line":34,"column":13},"end":{"line":34,"column":27}},"24":{"start":{"line":53,"column":30},"end":{"line":65,"column":2}},"25":{"start":{"line":53,"column":68},"end":{"line":65,"column":2}},"26":{"start":{"line":54,"column":2},"end":{"line":64,"column":3}},"27":{"start":{"line":55,"column":17},"end":{"line":55,"column":54}},"28":{"start":{"line":56,"column":4},"end":{"line":60,"column":5}},"29":{"start":{"line":57,"column":6},"end":{"line":59,"column":72}},"30":{"start":{"line":61,"column":4},"end":{"line":61,"column":31}},"31":{"start":{"line":63,"column":4},"end":{"line":63,"column":71}},"32":{"start":{"line":53,"column":13},"end":{"line":53,"column":30}},"33":{"start":{"line":67,"column":29},"end":{"line":74,"column":2}},"34":{"start":{"line":67,"column":67},"end":{"line":74,"column":2}},"35":{"start":{"line":68,"column":2},"end":{"line":73,"column":3}},"36":{"start":{"line":69,"column":4},"end":{"line":69,"column":51}},"37":{"start":{"line":70,"column":4},"end":{"line":70,"column":52}},"38":{"start":{"line":72,"column":4},"end":{"line":72,"column":53}},"39":{"start":{"line":67,"column":13},"end":{"line":67,"column":29}},"40":{"start":{"line":76,"column":29},"end":{"line":85,"column":2}},"41":{"start":{"line":76,"column":67},"end":{"line":85,"column":2}},"42":{"start":{"line":77,"column":2},"end":{"line":84,"column":3}},"43":{"start":{"line":78,"column":17},"end":{"line":80,"column":6}},"44":{"start":{"line":81,"column":4},"end":{"line":81,"column":19}},"45":{"start":{"line":83,"column":4},"end":{"line":83,"column":51}},"46":{"start":{"line":76,"column":13},"end":{"line":76,"column":29}}},"fnMap":{"0":{"name":"(anonymous_8)","decl":{"start":{"line":6,"column":29},"end":{"line":6,"column":36}},"loc":{"start":{"line":6,"column":67},"end":{"line":32,"column":2}}},"1":{"name":"(anonymous_9)","decl":{"start":{"line":6,"column":67},"end":{"line":6,"column":null}},"loc":{"start":{"line":6,"column":67},"end":{"line":32,"column":1}}},"2":{"name":"(anonymous_10)","decl":{"start":{"line":34,"column":27},"end":{"line":34,"column":34}},"loc":{"start":{"line":34,"column":65},"end":{"line":51,"column":2}}},"3":{"name":"(anonymous_11)","decl":{"start":{"line":34,"column":65},"end":{"line":34,"column":null}},"loc":{"start":{"line":34,"column":65},"end":{"line":51,"column":1}}},"4":{"name":"(anonymous_12)","decl":{"start":{"line":53,"column":30},"end":{"line":53,"column":37}},"loc":{"start":{"line":53,"column":68},"end":{"line":65,"column":2}}},"5":{"name":"(anonymous_13)","decl":{"start":{"line":53,"column":68},"end":{"line":53,"column":null}},"loc":{"start":{"line":53,"column":68},"end":{"line":65,"column":1}}},"6":{"name":"(anonymous_14)","decl":{"start":{"line":67,"column":29},"end":{"line":67,"column":36}},"loc":{"start":{"line":67,"column":67},"end":{"line":74,"column":2}}},"7":{"name":"(anonymous_15)","decl":{"start":{"line":67,"column":67},"end":{"line":67,"column":null}},"loc":{"start":{"line":67,"column":67},"end":{"line":74,"column":1}}},"8":{"name":"(anonymous_16)","decl":{"start":{"line":76,"column":29},"end":{"line":76,"column":36}},"loc":{"start":{"line":76,"column":67},"end":{"line":85,"column":2}}},"9":{"name":"(anonymous_17)","decl":{"start":{"line":76,"column":67},"end":{"line":76,"column":null}},"loc":{"start":{"line":76,"column":67},"end":{"line":85,"column":1}}}},"branchMap":{"0":{"loc":{"start":{"line":14,"column":4},"end":{"line":16,"column":5}},"type":"if","locations":[{"start":{"line":14,"column":4},"end":{"line":16,"column":5}}]},"1":{"loc":{"start":{"line":56,"column":4},"end":{"line":60,"column":5}},"type":"if","locations":[{"start":{"line":56,"column":4},"end":{"line":60,"column":5}}]}},"s":{"0":1,"1":1,"2":1,"3":1,"4":1,"5":1,"6":1,"7":1,"8":1,"9":0,"10":0,"11":0,"12":0,"13":0,"14":1,"15":1,"16":2,"17":2,"18":2,"19":2,"20":2,"21":2,"22":0,"23":1,"24":1,"25":0,"26":0,"27":0,"28":0,"29":0,"30":0,"31":0,"32":1,"33":1,"34":1,"35":1,"36":1,"37":0,"38":1,"39":1,"40":1,"41":1,"42":1,"43":1,"44":0,"45":1,"46":1},"f":{"0":1,"1":1,"2":2,"3":2,"4":0,"5":0,"6":1,"7":1,"8":1,"9":1},"b":{"0":[1],"1":[0]}}
,"/Users/irasubiza-elyse/MY-BRAND-BE/learn-express-ts/src/controllers/blogController.ts": {"path":"/Users/irasubiza-elyse/MY-BRAND-BE/learn-express-ts/src/controllers/blogController.ts","statementMap":{"0":{"start":{"line":1,"column":0},"end":{"line":1,"column":35}},"1":{"start":{"line":4,"column":0},"end":{"line":4,"column":33}},"2":{"start":{"line":5,"column":0},"end":{"line":5,"column":64}},"3":{"start":{"line":6,"column":0},"end":{"line":6,"column":45}},"4":{"start":{"line":8,"column":23},"end":{"line":15,"column":2}},"5":{"start":{"line":8,"column":61},"end":{"line":15,"column":2}},"6":{"start":{"line":9,"column":2},"end":{"line":14,"column":3}},"7":{"start":{"line":10,"column":23},"end":{"line":10,"column":40}},"8":{"start":{"line":11,"column":4},"end":{"line":11,"column":25}},"9":{"start":{"line":13,"column":4},"end":{"line":13,"column":52}},"10":{"start":{"line":8,"column":13},"end":{"line":8,"column":23}},"11":{"start":{"line":17,"column":24},"end":{"line":31,"column":2}},"12":{"start":{"line":17,"column":62},"end":{"line":31,"column":2}},"13":{"start":{"line":18,"column":2},"end":{"line":30,"column":3}},"14":{"start":{"line":19,"column":19},"end":{"line":19,"column":29}},"15":{"start":{"line":20,"column":17},"end":{"line":20,"column":40}},"16":{"start":{"line":21,"column":4},"end":{"line":23,"column":5}},"17":{"start":{"line":22,"column":6},"end":{"line":22,"column":65}},"18":{"start":{"line":24,"column":4},"end":{"line":24,"column":17}},"19":{"start":{"line":25,"column":4},"end":{"line":25,"column":22}},"20":{"start":{"line":26,"column":4},"end":{"line":26,"column":48}},"21":{"start":{"line":28,"column":4},"end":{"line":28,"column":25}},"22":{"start":{"line":29,"column":4},"end":{"line":29,"column":63}},"23":{"start":{"line":17,"column":13},"end":{"line":17,"column":24}},"24":{"start":{"line":35,"column":26},"end":{"line":62,"column":2}},"25":{"start":{"line":35,"column":64},"end":{"line":62,"column":2}},"26":{"start":{"line":36,"column":2},"end":{"line":61,"column":3}},"27":{"start":{"line":37,"column":31},"end":{"line":37,"column":39}},"28":{"start":{"line":38,"column":22},"end":{"line":38,"column":71}},"29":{"start":{"line":40,"column":4},"end":{"line":42,"column":5}},"30":{"start":{"line":41,"column":6},"end":{"line":41,"column":71}},"31":{"start":{"line":44,"column":4},"end":{"line":46,"column":5}},"32":{"start":{"line":45,"column":6},"end":{"line":45,"column":71}},"33":{"start":{"line":48,"column":19},"end":{"line":48,"column":66}},"34":{"start":{"line":50,"column":17},"end":{"line":55,"column":6}},"35":{"start":{"line":57,"column":4},"end":{"line":57,"column":31}},"36":{"start":{"line":59,"column":4},"end":{"line":59,"column":25}},"37":{"start":{"line":60,"column":4},"end":{"line":60,"column":61}},"38":{"start":{"line":35,"column":13},"end":{"line":35,"column":26}},"39":{"start":{"line":64,"column":29},"end":{"line":77,"column":2}},"40":{"start":{"line":64,"column":67},"end":{"line":77,"column":2}},"41":{"start":{"line":65,"column":2},"end":{"line":76,"column":3}},"42":{"start":{"line":66,"column":17},"end":{"line":66,"column":59}},"43":{"start":{"line":68,"column":19},"end":{"line":71,"column":6}},"44":{"start":{"line":72,"column":4},"end":{"line":72,"column":21}},"45":{"start":{"line":74,"column":4},"end":{"line":74,"column":20}},"46":{"start":{"line":75,"column":4},"end":{"line":75,"column":47}},"47":{"start":{"line":64,"column":13},"end":{"line":64,"column":29}},"48":{"start":{"line":80,"column":26},"end":{"line":89,"column":2}},"49":{"start":{"line":80,"column":64},"end":{"line":89,"column":2}},"50":{"start":{"line":81,"column":2},"end":{"line":88,"column":3}},"51":{"start":{"line":82,"column":17},"end":{"line":84,"column":6}},"52":{"start":{"line":85,"column":4},"end":{"line":85,"column":19}},"53":{"start":{"line":87,"column":4},"end":{"line":87,"column":51}},"54":{"start":{"line":80,"column":13},"end":{"line":80,"column":26}},"55":{"start":{"line":92,"column":26},"end":{"line":101,"column":2}},"56":{"start":{"line":92,"column":64},"end":{"line":101,"column":2}},"57":{"start":{"line":93,"column":2},"end":{"line":100,"column":3}},"58":{"start":{"line":94,"column":4},"end":{"line":94,"column":49}},"59":{"start":{"line":95,"column":4},"end":{"line":95,"column":27}},"60":{"start":{"line":96,"column":4},"end":{"line":96,"column":55}},"61":{"start":{"line":98,"column":4},"end":{"line":98,"column":20}},"62":{"start":{"line":99,"column":4},"end":{"line":99,"column":47}},"63":{"start":{"line":92,"column":13},"end":{"line":92,"column":26}}},"fnMap":{"0":{"name":"(anonymous_8)","decl":{"start":{"line":8,"column":23},"end":{"line":8,"column":30}},"loc":{"start":{"line":8,"column":61},"end":{"line":15,"column":2}}},"1":{"name":"(anonymous_9)","decl":{"start":{"line":8,"column":61},"end":{"line":8,"column":null}},"loc":{"start":{"line":8,"column":61},"end":{"line":15,"column":1}}},"2":{"name":"(anonymous_10)","decl":{"start":{"line":17,"column":24},"end":{"line":17,"column":31}},"loc":{"start":{"line":17,"column":62},"end":{"line":31,"column":2}}},"3":{"name":"(anonymous_11)","decl":{"start":{"line":17,"column":62},"end":{"line":17,"column":null}},"loc":{"start":{"line":17,"column":62},"end":{"line":31,"column":1}}},"4":{"name":"(anonymous_12)","decl":{"start":{"line":35,"column":26},"end":{"line":35,"column":33}},"loc":{"start":{"line":35,"column":64},"end":{"line":62,"column":2}}},"5":{"name":"(anonymous_13)","decl":{"start":{"line":35,"column":64},"end":{"line":35,"column":null}},"loc":{"start":{"line":35,"column":64},"end":{"line":62,"column":1}}},"6":{"name":"(anonymous_14)","decl":{"start":{"line":64,"column":29},"end":{"line":64,"column":36}},"loc":{"start":{"line":64,"column":67},"end":{"line":77,"column":2}}},"7":{"name":"(anonymous_15)","decl":{"start":{"line":64,"column":67},"end":{"line":64,"column":null}},"loc":{"start":{"line":64,"column":67},"end":{"line":77,"column":1}}},"8":{"name":"(anonymous_16)","decl":{"start":{"line":80,"column":26},"end":{"line":80,"column":33}},"loc":{"start":{"line":80,"column":64},"end":{"line":89,"column":2}}},"9":{"name":"(anonymous_17)","decl":{"start":{"line":80,"column":64},"end":{"line":80,"column":null}},"loc":{"start":{"line":80,"column":64},"end":{"line":89,"column":1}}},"10":{"name":"(anonymous_18)","decl":{"start":{"line":92,"column":26},"end":{"line":92,"column":33}},"loc":{"start":{"line":92,"column":64},"end":{"line":101,"column":2}}},"11":{"name":"(anonymous_19)","decl":{"start":{"line":92,"column":64},"end":{"line":92,"column":null}},"loc":{"start":{"line":92,"column":64},"end":{"line":101,"column":1}}}},"branchMap":{"0":{"loc":{"start":{"line":21,"column":4},"end":{"line":23,"column":5}},"type":"if","locations":[{"start":{"line":21,"column":4},"end":{"line":23,"column":5}}]},"1":{"loc":{"start":{"line":40,"column":4},"end":{"line":42,"column":5}},"type":"if","locations":[{"start":{"line":40,"column":4},"end":{"line":42,"column":5}}]},"2":{"loc":{"start":{"line":44,"column":4},"end":{"line":46,"column":5}},"type":"if","locations":[{"start":{"line":44,"column":4},"end":{"line":46,"column":5}}]}},"s":{"0":1,"1":1,"2":1,"3":1,"4":1,"5":0,"6":0,"7":0,"8":0,"9":0,"10":1,"11":1,"12":1,"13":1,"14":1,"15":1,"16":0,"17":0,"18":0,"19":0,"20":0,"21":1,"22":1,"23":1,"24":1,"25":0,"26":0,"27":0,"28":0,"29":0,"30":0,"31":0,"32":0,"33":0,"34":0,"35":0,"36":0,"37":0,"38":1,"39":1,"40":1,"41":1,"42":1,"43":0,"44":0,"45":1,"46":1,"47":1,"48":1,"49":1,"50":1,"51":1,"52":0,"53":1,"54":1,"55":1,"56":1,"57":1,"58":1,"59":0,"60":0,"61":1,"62":1,"63":1},"f":{"0":0,"1":0,"2":1,"3":1,"4":0,"5":0,"6":1,"7":1,"8":1,"9":1,"10":1,"11":1},"b":{"0":[0],"1":[0],"2":[0]}}
,"/Users/irasubiza-elyse/MY-BRAND-BE/learn-express-ts/src/controllers/querries.ts": {"path":"/Users/irasubiza-elyse/MY-BRAND-BE/learn-express-ts/src/controllers/querries.ts","statementMap":{"0":{"start":{"line":2,"column":0},"end":{"line":2,"column":40}},"1":{"start":{"line":4,"column":0},"end":{"line":4,"column":66}},"2":{"start":{"line":6,"column":28},"end":{"line":30,"column":2}},"3":{"start":{"line":6,"column":66},"end":{"line":30,"column":2}},"4":{"start":{"line":7,"column":2},"end":{"line":29,"column":3}},"5":{"start":{"line":8,"column":52},"end":{"line":8,"column":60}},"6":{"start":{"line":9,"column":22},"end":{"line":14,"column":6}},"7":{"start":{"line":15,"column":4},"end":{"line":17,"column":5}},"8":{"start":{"line":16,"column":6},"end":{"line":16,"column":71}},"9":{"start":{"line":18,"column":23},"end":{"line":24,"column":6}},"10":{"start":{"line":25,"column":4},"end":{"line":25,"column":28}},"11":{"start":{"line":26,"column":4},"end":{"line":26,"column":25}},"12":{"start":{"line":28,"column":4},"end":{"line":28,"column":62}},"13":{"start":{"line":6,"column":13},"end":{"line":6,"column":28}},"14":{"start":{"line":32,"column":28},"end":{"line":39,"column":2}},"15":{"start":{"line":32,"column":66},"end":{"line":39,"column":2}},"16":{"start":{"line":33,"column":2},"end":{"line":38,"column":3}},"17":{"start":{"line":34,"column":24},"end":{"line":34,"column":43}},"18":{"start":{"line":35,"column":4},"end":{"line":35,"column":26}},"19":{"start":{"line":37,"column":4},"end":{"line":37,"column":62}},"20":{"start":{"line":32,"column":13},"end":{"line":32,"column":28}},"21":{"start":{"line":41,"column":31},"end":{"line":51,"column":2}},"22":{"start":{"line":41,"column":69},"end":{"line":51,"column":2}},"23":{"start":{"line":42,"column":2},"end":{"line":50,"column":3}},"24":{"start":{"line":43,"column":25},"end":{"line":43,"column":61}},"25":{"start":{"line":44,"column":4},"end":{"line":46,"column":5}},"26":{"start":{"line":45,"column":6},"end":{"line":45,"column":55}},"27":{"start":{"line":47,"column":4},"end":{"line":47,"column":27}},"28":{"start":{"line":49,"column":4},"end":{"line":49,"column":62}},"29":{"start":{"line":41,"column":13},"end":{"line":41,"column":31}}},"fnMap":{"0":{"name":"(anonymous_8)","decl":{"start":{"line":6,"column":28},"end":{"line":6,"column":35}},"loc":{"start":{"line":6,"column":66},"end":{"line":30,"column":2}}},"1":{"name":"(anonymous_9)","decl":{"start":{"line":6,"column":66},"end":{"line":6,"column":null}},"loc":{"start":{"line":6,"column":66},"end":{"line":30,"column":1}}},"2":{"name":"(anonymous_10)","decl":{"start":{"line":32,"column":28},"end":{"line":32,"column":35}},"loc":{"start":{"line":32,"column":66},"end":{"line":39,"column":2}}},"3":{"name":"(anonymous_11)","decl":{"start":{"line":32,"column":66},"end":{"line":32,"column":null}},"loc":{"start":{"line":32,"column":66},"end":{"line":39,"column":1}}},"4":{"name":"(anonymous_12)","decl":{"start":{"line":41,"column":31},"end":{"line":41,"column":38}},"loc":{"start":{"line":41,"column":69},"end":{"line":51,"column":2}}},"5":{"name":"(anonymous_13)","decl":{"start":{"line":41,"column":69},"end":{"line":41,"column":null}},"loc":{"start":{"line":41,"column":69},"end":{"line":51,"column":1}}}},"branchMap":{"0":{"loc":{"start":{"line":15,"column":4},"end":{"line":17,"column":5}},"type":"if","locations":[{"start":{"line":15,"column":4},"end":{"line":17,"column":5}}]},"1":{"loc":{"start":{"line":44,"column":4},"end":{"line":46,"column":5}},"type":"if","locations":[{"start":{"line":44,"column":4},"end":{"line":46,"column":5}}]}},"s":{"0":1,"1":1,"2":1,"3":1,"4":1,"5":1,"6":1,"7":1,"8":1,"9":0,"10":0,"11":0,"12":0,"13":1,"14":1,"15":2,"16":2,"17":2,"18":2,"19":0,"20":1,"21":1,"22":1,"23":1,"24":1,"25":0,"26":0,"27":0,"28":1,"29":1},"f":{"0":1,"1":1,"2":2,"3":2,"4":1,"5":1},"b":{"0":[1],"1":[0]}}
,"/Users/irasubiza-elyse/MY-BRAND-BE/learn-express-ts/src/controllers/userController.ts": {"path":"/Users/irasubiza-elyse/MY-BRAND-BE/learn-express-ts/src/controllers/userController.ts","statementMap":{"0":{"start":{"line":3,"column":0},"end":{"line":3,"column":31}},"1":{"start":{"line":4,"column":0},"end":{"line":4,"column":28}},"2":{"start":{"line":5,"column":0},"end":{"line":5,"column":28}},"3":{"start":{"line":6,"column":0},"end":{"line":6,"column":23}},"4":{"start":{"line":7,"column":0},"end":{"line":7,"column":69}},"5":{"start":{"line":9,"column":0},"end":{"line":9,"column":39}},"6":{"start":{"line":11,"column":0},"end":{"line":11,"column":16}},"7":{"start":{"line":13,"column":26},"end":{"line":50,"column":2}},"8":{"start":{"line":13,"column":64},"end":{"line":50,"column":2}},"9":{"start":{"line":14,"column":19},"end":{"line":14,"column":70}},"10":{"start":{"line":16,"column":20},"end":{"line":16,"column":49}},"11":{"start":{"line":17,"column":2},"end":{"line":20,"column":3}},"12":{"start":{"line":18,"column":4},"end":{"line":18,"column":74}},"13":{"start":{"line":19,"column":4},"end":{"line":19,"column":11}},"14":{"start":{"line":22,"column":2},"end":{"line":49,"column":3}},"15":{"start":{"line":23,"column":17},"end":{"line":23,"column":62}},"16":{"start":{"line":24,"column":4},"end":{"line":46,"column":5}},"17":{"start":{"line":25,"column":6},"end":{"line":27,"column":70}},"18":{"start":{"line":28,"column":6},"end":{"line":28,"column":13}},"19":{"start":{"line":30,"column":29},"end":{"line":30,"column":66}},"20":{"start":{"line":31,"column":22},"end":{"line":31,"column":73}},"21":{"start":{"line":32,"column":22},"end":{"line":32,"column":42}},"22":{"start":{"line":33,"column":6},"end":{"line":45,"column":7}},"23":{"start":{"line":34,"column":27},"end":{"line":34,"column":72}},"24":{"start":{"line":35,"column":28},"end":{"line":35,"column":61}},"25":{"start":{"line":36,"column":22},"end":{"line":38,"column":10}},"26":{"start":{"line":40,"column":8},"end":{"line":44,"column":11}},"27":{"start":{"line":48,"column":4},"end":{"line":48,"column":74}},"28":{"start":{"line":13,"column":13},"end":{"line":13,"column":26}},"29":{"start":{"line":52,"column":25},"end":{"line":104,"column":2}},"30":{"start":{"line":52,"column":63},"end":{"line":104,"column":2}},"31":{"start":{"line":53,"column":19},"end":{"line":53,"column":58}},"32":{"start":{"line":55,"column":20},"end":{"line":55,"column":48}},"33":{"start":{"line":56,"column":2},"end":{"line":60,"column":3}},"34":{"start":{"line":57,"column":4},"end":{"line":59,"column":61}},"35":{"start":{"line":62,"column":2},"end":{"line":103,"column":3}},"36":{"start":{"line":63,"column":17},"end":{"line":63,"column":62}},"37":{"start":{"line":64,"column":4},"end":{"line":98,"column":5}},"38":{"start":{"line":65,"column":22},"end":{"line":67,"column":null}},"39":{"start":{"line":69,"column":6},"end":{"line":91,"column":7}},"40":{"start":{"line":70,"column":8},"end":{"line":74,"column":11}},"41":{"start":{"line":76,"column":27},"end":{"line":76,"column":72}},"42":{"start":{"line":77,"column":28},"end":{"line":77,"column":61}},"43":{"start":{"line":78,"column":22},"end":{"line":83,"column":null}},"44":{"start":{"line":86,"column":8},"end":{"line":90,"column":11}},"45":{"start":{"line":93,"column":6},"end":{"line":97,"column":9}},"46":{"start":{"line":100,"column":4},"end":{"line":102,"column":61}},"47":{"start":{"line":52,"column":13},"end":{"line":52,"column":25}}},"fnMap":{"0":{"name":"(anonymous_8)","decl":{"start":{"line":13,"column":26},"end":{"line":13,"column":33}},"loc":{"start":{"line":13,"column":64},"end":{"line":50,"column":2}}},"1":{"name":"(anonymous_9)","decl":{"start":{"line":13,"column":64},"end":{"line":13,"column":null}},"loc":{"start":{"line":13,"column":64},"end":{"line":50,"column":1}}},"2":{"name":"(anonymous_10)","decl":{"start":{"line":52,"column":25},"end":{"line":52,"column":32}},"loc":{"start":{"line":52,"column":63},"end":{"line":104,"column":2}}},"3":{"name":"(anonymous_11)","decl":{"start":{"line":52,"column":63},"end":{"line":52,"column":null}},"loc":{"start":{"line":52,"column":63},"end":{"line":104,"column":1}}}},"branchMap":{"0":{"loc":{"start":{"line":17,"column":2},"end":{"line":20,"column":3}},"type":"if","locations":[{"start":{"line":17,"column":2},"end":{"line":20,"column":3}}]},"1":{"loc":{"start":{"line":24,"column":4},"end":{"line":46,"column":5}},"type":"if","locations":[{"start":{"line":24,"column":4},"end":{"line":46,"column":5}},{"start":{"line":29,"column":11},"end":{"line":46,"column":5}}]},"2":{"loc":{"start":{"line":33,"column":6},"end":{"line":45,"column":7}},"type":"if","locations":[{"start":{"line":33,"column":6},"end":{"line":45,"column":7}}]},"3":{"loc":{"start":{"line":34,"column":27},"end":{"line":34,"column":72}},"type":"binary-expr","locations":[{"start":{"line":34,"column":27},"end":{"line":34,"column":60}},{"start":{"line":34,"column":64},"end":{"line":34,"column":72}}]},"4":{"loc":{"start":{"line":35,"column":28},"end":{"line":35,"column":61}},"type":"binary-expr","locations":[{"start":{"line":35,"column":28},"end":{"line":35,"column":53}},{"start":{"line":35,"column":57},"end":{"line":35,"column":61}}]},"5":{"loc":{"start":{"line":56,"column":2},"end":{"line":60,"column":3}},"type":"if","locations":[{"start":{"line":56,"column":2},"end":{"line":60,"column":3}}]},"6":{"loc":{"start":{"line":64,"column":4},"end":{"line":98,"column":5}},"type":"if","locations":[{"start":{"line":64,"column":4},"end":{"line":98,"column":5}},{"start":{"line":92,"column":11},"end":{"line":98,"column":5}}]},"7":{"loc":{"start":{"line":69,"column":6},"end":{"line":91,"column":7}},"type":"if","locations":[{"start":{"line":69,"column":6},"end":{"line":91,"column":7}},{"start":{"line":75,"column":13},"end":{"line":91,"column":7}}]},"8":{"loc":{"start":{"line":76,"column":27},"end":{"line":76,"column":72}},"type":"binary-expr","locations":[{"start":{"line":76,"column":27},"end":{"line":76,"column":60}},{"start":{"line":76,"column":64},"end":{"line":76,"column":72}}]},"9":{"loc":{"start":{"line":77,"column":28},"end":{"line":77,"column":61}},"type":"binary-expr","locations":[{"start":{"line":77,"column":28},"end":{"line":77,"column":53}},{"start":{"line":77,"column":57},"end":{"line":77,"column":61}}]}},"s":{"0":1,"1":1,"2":1,"3":1,"4":1,"5":1,"6":1,"7":1,"8":0,"9":0,"10":0,"11":0,"12":0,"13":0,"14":0,"15":0,"16":0,"17":0,"18":0,"19":0,"20":0,"21":0,"22":0,"23":0,"24":0,"25":0,"26":0,"27":0,"28":1,"29":1,"30":0,"31":0,"32":0,"33":0,"34":0,"35":0,"36":0,"37":0,"38":0,"39":0,"40":0,"41":0,"42":0,"43":0,"44":0,"45":0,"46":0,"47":1},"f":{"0":0,"1":0,"2":0,"3":0},"b":{"0":[0],"1":[0,0],"2":[0],"3":[0,0],"4":[0,0],"5":[0],"6":[0,0],"7":[0,0],"8":[0,0],"9":[0,0]}}
,"/Users/irasubiza-elyse/MY-BRAND-BE/learn-express-ts/src/middleware/authenticate.ts": {"path":"/Users/irasubiza-elyse/MY-BRAND-BE/learn-express-ts/src/middleware/authenticate.ts","statementMap":{"0":{"start":{"line":2,"column":0},"end":{"line":2,"column":32}},"1":{"start":{"line":4,"column":0},"end":{"line":4,"column":58}},"2":{"start":{"line":6,"column":0},"end":{"line":6,"column":67}},"3":{"start":{"line":8,"column":19},"end":{"line":11,"column":2}},"4":{"start":{"line":12,"column":0},"end":{"line":24,"column":2}},"5":{"start":{"line":13,"column":54},"end":{"line":23,"column":4}},"6":{"start":{"line":14,"column":4},"end":{"line":22,"column":5}},"7":{"start":{"line":15,"column":19},"end":{"line":15,"column":54}},"8":{"start":{"line":16,"column":6},"end":{"line":18,"column":7}},"9":{"start":{"line":17,"column":8},"end":{"line":17,"column":33}},"10":{"start":{"line":19,"column":6},"end":{"line":19,"column":30}},"11":{"start":{"line":21,"column":6},"end":{"line":21,"column":32}},"12":{"start":{"line":25,"column":31},"end":{"line":48,"column":1}},"13":{"start":{"line":30,"column":2},"end":{"line":47,"column":20}},"14":{"start":{"line":34,"column":6},"end":{"line":38,"column":7}},"15":{"start":{"line":35,"column":8},"end":{"line":37,"column":68}},"16":{"start":{"line":39,"column":6},"end":{"line":43,"column":7}},"17":{"start":{"line":40,"column":8},"end":{"line":42,"column":72}},"18":{"start":{"line":44,"column":6},"end":{"line":44,"column":22}},"19":{"start":{"line":45,"column":6},"end":{"line":45,"column":13}},"20":{"start":{"line":25,"column":13},"end":{"line":25,"column":31}},"21":{"start":{"line":50,"column":23},"end":{"line":68,"column":2}},"22":{"start":{"line":54,"column":4},"end":{"line":68,"column":2}},"23":{"start":{"line":55,"column":2},"end":{"line":57,"column":3}},"24":{"start":{"line":56,"column":4},"end":{"line":56,"column":42}},"25":{"start":{"line":59,"column":2},"end":{"line":61,"column":3}},"26":{"start":{"line":60,"column":4},"end":{"line":60,"column":42}},"27":{"start":{"line":63,"column":2},"end":{"line":67,"column":3}},"28":{"start":{"line":64,"column":4},"end":{"line":64,"column":11}},"29":{"start":{"line":66,"column":4},"end":{"line":66,"column":48}},"30":{"start":{"line":50,"column":13},"end":{"line":50,"column":23}}},"fnMap":{"0":{"name":"(anonymous_8)","decl":{"start":{"line":13,"column":30},"end":{"line":13,"column":37}},"loc":{"start":{"line":13,"column":54},"end":{"line":23,"column":4}}},"1":{"name":"(anonymous_9)","decl":{"start":{"line":13,"column":54},"end":{"line":13,"column":null}},"loc":{"start":{"line":13,"column":54},"end":{"line":23,"column":3}}},"2":{"name":"(anonymous_10)","decl":{"start":{"line":25,"column":31},"end":{"line":25,"column":null}},"loc":{"start":{"line":29,"column":4},"end":{"line":48,"column":1}}},"3":{"name":"(anonymous_11)","decl":{"start":{"line":33,"column":4},"end":{"line":33,"column":5}},"loc":{"start":{"line":33,"column":49},"end":{"line":46,"column":5}}},"4":{"name":"(anonymous_12)","decl":{"start":{"line":50,"column":23},"end":{"line":50,"column":null}},"loc":{"start":{"line":54,"column":4},"end":{"line":68,"column":2}}},"5":{"name":"(anonymous_13)","decl":{"start":{"line":54,"column":4},"end":{"line":54,"column":null}},"loc":{"start":{"line":54,"column":4},"end":{"line":68,"column":1}}}},"branchMap":{"0":{"loc":{"start":{"line":10,"column":15},"end":{"line":10,"column":49}},"type":"binary-expr","locations":[{"start":{"line":10,"column":15},"end":{"line":10,"column":37}},{"start":{"line":10,"column":41},"end":{"line":10,"column":49}}]},"1":{"loc":{"start":{"line":16,"column":6},"end":{"line":18,"column":7}},"type":"if","locations":[{"start":{"line":16,"column":6},"end":{"line":18,"column":7}}]},"2":{"loc":{"start":{"line":34,"column":6},"end":{"line":38,"column":7}},"type":"if","locations":[{"start":{"line":34,"column":6},"end":{"line":38,"column":7}}]},"3":{"loc":{"start":{"line":39,"column":6},"end":{"line":43,"column":7}},"type":"if","locations":[{"start":{"line":39,"column":6},"end":{"line":43,"column":7}}]},"4":{"loc":{"start":{"line":55,"column":2},"end":{"line":57,"column":3}},"type":"if","locations":[{"start":{"line":55,"column":2},"end":{"line":57,"column":3}}]},"5":{"loc":{"start":{"line":59,"column":2},"end":{"line":61,"column":3}},"type":"if","locations":[{"start":{"line":59,"column":2},"end":{"line":61,"column":3}}]},"6":{"loc":{"start":{"line":63,"column":2},"end":{"line":67,"column":3}},"type":"if","locations":[{"start":{"line":63,"column":2},"end":{"line":67,"column":3}},{"start":{"line":65,"column":9},"end":{"line":67,"column":3}}]}},"s":{"0":1,"1":1,"2":1,"3":1,"4":1,"5":0,"6":0,"7":0,"8":0,"9":0,"10":0,"11":0,"12":1,"13":2,"14":2,"15":0,"16":2,"17":2,"18":0,"19":0,"20":1,"21":1,"22":0,"23":0,"24":0,"25":0,"26":0,"27":0,"28":0,"29":0,"30":1},"f":{"0":0,"1":0,"2":2,"3":2,"4":0,"5":0},"b":{"0":[1,1],"1":[0],"2":[0],"3":[2],"4":[0],"5":[0],"6":[0,0]}}
,"/Users/irasubiza-elyse/MY-BRAND-BE/learn-express-ts/src/models/Blogs.ts": {"path":"/Users/irasubiza-elyse/MY-BRAND-BE/learn-express-ts/src/models/Blogs.ts","statementMap":{"0":{"start":{"line":1,"column":0},"end":{"line":1,"column":41}},"1":{"start":{"line":3,"column":19},"end":{"line":24,"column":2}},"2":{"start":{"line":26,"column":13},"end":{"line":26,"column":38}},"3":{"start":{"line":27,"column":0},"end":{"line":27,"column":20}}},"fnMap":{},"branchMap":{},"s":{"0":1,"1":1,"2":1,"3":1},"f":{},"b":{}}
,"/Users/irasubiza-elyse/MY-BRAND-BE/learn-express-ts/src/models/Comments.ts": {"path":"/Users/irasubiza-elyse/MY-BRAND-BE/learn-express-ts/src/models/Comments.ts","statementMap":{"0":{"start":{"line":1,"column":0},"end":{"line":1,"column":48}},"1":{"start":{"line":10,"column":22},"end":{"line":16,"column":2}},"2":{"start":{"line":18,"column":16},"end":{"line":18,"column":47}},"3":{"start":{"line":20,"column":0},"end":{"line":20,"column":23}}},"fnMap":{},"branchMap":{},"s":{"0":1,"1":1,"2":1,"3":1},"f":{},"b":{}}
,"/Users/irasubiza-elyse/MY-BRAND-BE/learn-express-ts/src/models/querries.ts": {"path":"/Users/irasubiza-elyse/MY-BRAND-BE/learn-express-ts/src/models/querries.ts","statementMap":{"0":{"start":{"line":1,"column":0},"end":{"line":1,"column":41}},"1":{"start":{"line":2,"column":21},"end":{"line":8,"column":2}},"2":{"start":{"line":9,"column":15},"end":{"line":9,"column":44}},"3":{"start":{"line":10,"column":0},"end":{"line":10,"column":22}}},"fnMap":{},"branchMap":{},"s":{"0":1,"1":1,"2":1,"3":1},"f":{},"b":{}}
,"/Users/irasubiza-elyse/MY-BRAND-BE/learn-express-ts/src/models/userModel.ts": {"path":"/Users/irasubiza-elyse/MY-BRAND-BE/learn-express-ts/src/models/userModel.ts","statementMap":{"0":{"start":{"line":1,"column":0},"end":{"line":1,"column":32}},"1":{"start":{"line":11,"column":19},"end":{"line":33,"column":null}},"2":{"start":{"line":36,"column":0},"end":{"line":36,"column":50}}},"fnMap":{},"branchMap":{},"s":{"0":1,"1":1,"2":1},"f":{},"b":{}}
,"/Users/irasubiza-elyse/MY-BRAND-BE/learn-express-ts/src/routes/routes.ts": {"path":"/Users/irasubiza-elyse/MY-BRAND-BE/learn-express-ts/src/routes/routes.ts","statementMap":{"0":{"start":{"line":1,"column":0},"end":{"line":1,"column":60}},"1":{"start":{"line":2,"column":0},"end":{"line":2,"column":50}},"2":{"start":{"line":3,"column":0},"end":{"line":3,"column":62}},"3":{"start":{"line":4,"column":0},"end":{"line":4,"column":37}},"4":{"start":{"line":5,"column":0},"end":{"line":5,"column":30}},"5":{"start":{"line":9,"column":0},"end":{"line":9,"column":70}},"6":{"start":{"line":10,"column":15},"end":{"line":10,"column":31}},"7":{"start":{"line":13,"column":0},"end":{"line":13,"column":58}},"8":{"start":{"line":14,"column":0},"end":{"line":19,"column":2}},"9":{"start":{"line":20,"column":0},"end":{"line":20,"column":51}},"10":{"start":{"line":21,"column":0},"end":{"line":21,"column":74}},"11":{"start":{"line":22,"column":0},"end":{"line":22,"column":51}},"12":{"start":{"line":25,"column":0},"end":{"line":25,"column":59}},"13":{"start":{"line":26,"column":0},"end":{"line":26,"column":56}},"14":{"start":{"line":27,"column":0},"end":{"line":27,"column":63}},"15":{"start":{"line":28,"column":0},"end":{"line":28,"column":65}},"16":{"start":{"line":29,"column":0},"end":{"line":29,"column":64}},"17":{"start":{"line":39,"column":0},"end":{"line":39,"column":43}},"18":{"start":{"line":40,"column":0},"end":{"line":40,"column":42}},"19":{"start":{"line":41,"column":0},"end":{"line":41,"column":49}},"20":{"start":{"line":44,"column":0},"end":{"line":44,"column":52}},"21":{"start":{"line":47,"column":0},"end":{"line":47,"column":22}}},"fnMap":{},"branchMap":{},"s":{"0":1,"1":1,"2":1,"3":1,"4":1,"5":1,"6":1,"7":1,"8":1,"9":1,"10":1,"11":1,"12":1,"13":1,"14":1,"15":1,"16":1,"17":1,"18":1,"19":1,"20":1,"21":1},"f":{},"b":{}}
,"/Users/irasubiza-elyse/MY-BRAND-BE/learn-express-ts/src/routes/userRoutes.ts": {"path":"/Users/irasubiza-elyse/MY-BRAND-BE/learn-express-ts/src/routes/userRoutes.ts","statementMap":{"0":{"start":{"line":1,"column":0},"end":{"line":1,"column":30}},"1":{"start":{"line":2,"column":15},"end":{"line":2,"column":31}},"2":{"start":{"line":3,"column":0},"end":{"line":3,"column":55}},"3":{"start":{"line":5,"column":0},"end":{"line":5,"column":41}},"4":{"start":{"line":6,"column":0},"end":{"line":6,"column":39}},"5":{"start":{"line":8,"column":0},"end":{"line":8,"column":22}}},"fnMap":{},"branchMap":{},"s":{"0":1,"1":1,"2":1,"3":1,"4":1,"5":1},"f":{},"b":{}}
,"/Users/irasubiza-elyse/MY-BRAND-BE/learn-express-ts/src/tools/cloudinary.ts": {"path":"/Users/irasubiza-elyse/MY-BRAND-BE/learn-express-ts/src/tools/cloudinary.ts","statementMap":{"0":{"start":{"line":1,"column":0},"end":{"line":1,"column":46}},"1":{"start":{"line":2,"column":0},"end":{"line":2,"column":28}},"2":{"start":{"line":3,"column":0},"end":{"line":3,"column":16}},"3":{"start":{"line":4,"column":0},"end":{"line":8,"column":3}},"4":{"start":{"line":9,"column":0},"end":{"line":9,"column":26}}},"fnMap":{},"branchMap":{},"s":{"0":1,"1":1,"2":1,"3":1,"4":1},"f":{},"b":{}}
,"/Users/irasubiza-elyse/MY-BRAND-BE/learn-express-ts/src/tools/multer.ts": {"path":"/Users/irasubiza-elyse/MY-BRAND-BE/learn-express-ts/src/tools/multer.ts","statementMap":{"0":{"start":{"line":1,"column":0},"end":{"line":1,"column":28}},"1":{"start":{"line":2,"column":0},"end":{"line":2,"column":24}},"2":{"start":{"line":4,"column":16},"end":{"line":4,"column":38}},"3":{"start":{"line":6,"column":19},"end":{"line":21,"column":1}},"4":{"start":{"line":11,"column":20},"end":{"line":11,"column":65}},"5":{"start":{"line":13,"column":2},"end":{"line":18,"column":3}},"6":{"start":{"line":16,"column":4},"end":{"line":16,"column":39}},"7":{"start":{"line":17,"column":4},"end":{"line":17,"column":11}},"8":{"start":{"line":20,"column":2},"end":{"line":20,"column":17}},"9":{"start":{"line":23,"column":15},"end":{"line":26,"column":2}},"10":{"start":{"line":28,"column":0},"end":{"line":28,"column":22}}},"fnMap":{"0":{"name":"(anonymous_1)","decl":{"start":{"line":6,"column":19},"end":{"line":6,"column":null}},"loc":{"start":{"line":10,"column":10},"end":{"line":21,"column":1}}}},"branchMap":{"0":{"loc":{"start":{"line":13,"column":2},"end":{"line":18,"column":3}},"type":"if","locations":[{"start":{"line":13,"column":2},"end":{"line":18,"column":3}}]},"1":{"loc":{"start":{"line":14,"column":6},"end":{"line":14,"column":75}},"type":"binary-expr","locations":[{"start":{"line":14,"column":6},"end":{"line":14,"column":26}},{"start":{"line":14,"column":30},"end":{"line":14,"column":51}},{"start":{"line":14,"column":55},"end":{"line":14,"column":75}}]}},"s":{"0":1,"1":1,"2":1,"3":1,"4":0,"5":0,"6":0,"7":0,"8":0,"9":1,"10":1},"f":{"0":0},"b":{"0":[0],"1":[0,0,0]}}
,"/Users/irasubiza-elyse/MY-BRAND-BE/learn-express-ts/src/validation/userValidation.ts": {"path":"/Users/irasubiza-elyse/MY-BRAND-BE/learn-express-ts/src/validation/userValidation.ts","statementMap":{"0":{"start":{"line":1,"column":0},"end":{"line":1,"column":22}},"1":{"start":{"line":3,"column":13},"end":{"line":7,"column":3}},"2":{"start":{"line":8,"column":13},"end":{"line":11,"column":3}}},"fnMap":{},"branchMap":{},"s":{"0":1,"1":1,"2":1},"f":{},"b":{}}
,"/Users/irasubiza-elyse/MY-BRAND-BE/learn-express-ts/src/validation/validation.ts": {"path":"/Users/irasubiza-elyse/MY-BRAND-BE/learn-express-ts/src/validation/validation.ts","statementMap":{"0":{"start":{"line":1,"column":0},"end":{"line":1,"column":22}},"1":{"start":{"line":11,"column":13},"end":{"line":14,"column":3}},"2":{"start":{"line":15,"column":13},"end":{"line":18,"column":3}},"3":{"start":{"line":19,"column":13},"end":{"line":23,"column":3}},"4":{"start":{"line":24,"column":13},"end":{"line":29,"column":3}}},"fnMap":{},"branchMap":{},"s":{"0":1,"1":1,"2":1,"3":1,"4":1},"f":{},"b":{}}
}
